Построение начато 17.09.2020 20:55:51.
Проект "C:\Users\Kurwo\Documents\Visual Studio 2010\Projects\ProgLb1_3\ProgLb1_3\ProgLb1_3.vcxproj" в узле 2 (целевые объекты build).
InitializeBuildStatus:
  Создание "Debug\ProgLb1_3.unsuccessfulbuild", так как было задано "AlwaysCreate".
ClCompile:
  C:\Program Files\Microsoft Visual Studio 10.0\VC\bin\CL.exe /c /ZI /nologo /W3 /WX- /Od /Oy- /D WIN32 /D _DEBUG /D _CONSOLE /D _UNICODE /D UNICODE /Gm /EHsc /RTC1 /MDd /GS /fp:precise /Zc:wchar_t /Zc:forScope /Fo"Debug\\" /Fd"Debug\vc100.pdb" /Gd /TP /analyze- /errorReport:prompt ProgLb1_3.cpp
  ProgLb1_3.cpp
c:\users\kurwo\documents\visual studio 2010\projects\proglb1_3\proglb1_3\proglb1_3.cpp(22): warning C4996: 'strncpy': This function or variable may be unsafe. Consider using strncpy_s instead. To disable deprecation, use _CRT_SECURE_NO_WARNINGS. See online help for details.
          c:\program files\microsoft visual studio 10.0\vc\include\string.h(188): см. объявление "strncpy"
ManifestResourceCompile:
  Для всех выходных данных обновления не требуется.
Link:
  C:\Program Files\Microsoft Visual Studio 10.0\VC\bin\link.exe /ERRORREPORT:PROMPT /OUT:"C:\Users\Kurwo\Documents\Visual Studio 2010\Projects\ProgLb1_3\Debug\ProgLb1_3.exe" /INCREMENTAL /NOLOGO kernel32.lib user32.lib gdi32.lib winspool.lib comdlg32.lib advapi32.lib shell32.lib ole32.lib oleaut32.lib uuid.lib odbc32.lib odbccp32.lib /MANIFEST /ManifestFile:"Debug\ProgLb1_3.exe.intermediate.manifest" /MANIFESTUAC:"level='asInvoker' uiAccess='false'" /DEBUG /PDB:"C:\Users\Kurwo\Documents\Visual Studio 2010\Projects\ProgLb1_3\Debug\ProgLb1_3.pdb" /SUBSYSTEM:CONSOLE /TLBID:1 /DYNAMICBASE /NXCOMPAT /IMPLIB:"C:\Users\Kurwo\Documents\Visual Studio 2010\Projects\ProgLb1_3\Debug\ProgLb1_3.lib" /MACHINE:X86 Debug\ProgLb1_3.exe.embed.manifest.res
  Debug\ProgLb1_3.obj
Manifest:
  C:\Program Files\Microsoft SDKs\Windows\v7.0A\bin\mt.exe /nologo /verbose /out:"Debug\ProgLb1_3.exe.embed.manifest" /manifest Debug\ProgLb1_3.exe.intermediate.manifest
  Для всех выходных данных обновления не требуется.
LinkEmbedManifest:
  Для всех выходных данных обновления не требуется.
  ProgLb1_3.vcxproj -> C:\Users\Kurwo\Documents\Visual Studio 2010\Projects\ProgLb1_3\Debug\ProgLb1_3.exe
FinalizeBuildStatus:
  Файл "Debug\ProgLb1_3.unsuccessfulbuild" удаляется.
  Обращение к "Debug\ProgLb1_3.lastbuildstate".
Построение проекта "C:\Users\Kurwo\Documents\Visual Studio 2010\Projects\ProgLb1_3\ProgLb1_3\ProgLb1_3.vcxproj" завершено (целевые объекты build).

Построение успешно завершено.

Затраченное время: 00:00:09.76
