Построение начато 25.09.2020 12:45:43.
     1>Проект "C:\Users\31010\Desktop\ProgLabs\kurwoattanorepos1\ProgLb1_1\ProgLb1_1\ProgLb1_1.vcxproj" в узле 2 (целевые объекты build).
     1>InitializeBuildStatus:
         Создание "Debug\ProgLb1_1.unsuccessfulbuild", так как было задано "AlwaysCreate".
       ClCompile:
         C:\Program Files (x86)\Microsoft Visual Studio 10.0\VC\bin\CL.exe /c /ZI /nologo /W3 /WX- /Od /Oy- /D WIN32 /D _DEBUG /D _CONSOLE /D _UNICODE /D UNICODE /Gm /EHsc /RTC1 /MDd /GS /fp:precise /Zc:wchar_t /Zc:forScope /Fo"Debug\\" /Fd"Debug\vc100.pdb" /Gd /TP /analyze- /errorReport:prompt ProgLb1_1.cpp
         ProgLb1_1.cpp
     1>c:\users\31010\desktop\proglabs\kurwoattanorepos1\proglb1_1\proglb1_1\proglb1_1.cpp(16): warning C4244: аргумент: преобразование "time_t" в "unsigned int", возможна потеря данных
     1>c:\users\31010\desktop\proglabs\kurwoattanorepos1\proglb1_1\proglb1_1\proglb1_1.cpp(66): warning C4996: 'scanf': This function or variable may be unsafe. Consider using scanf_s instead. To disable deprecation, use _CRT_SECURE_NO_WARNINGS. See online help for details.
                 c:\program files (x86)\microsoft visual studio 10.0\vc\include\stdio.h(304): см. объявление "scanf"
     1>c:\users\31010\desktop\proglabs\kurwoattanorepos1\proglb1_1\proglb1_1\proglb1_1.cpp(69): warning C4996: 'scanf': This function or variable may be unsafe. Consider using scanf_s instead. To disable deprecation, use _CRT_SECURE_NO_WARNINGS. See online help for details.
                 c:\program files (x86)\microsoft visual studio 10.0\vc\include\stdio.h(304): см. объявление "scanf"
       ManifestResourceCompile:
         Для всех выходных данных обновления не требуется.
       Link:
         C:\Program Files (x86)\Microsoft Visual Studio 10.0\VC\bin\link.exe /ERRORREPORT:PROMPT /OUT:"C:\Users\31010\Desktop\ProgLabs\kurwoattanorepos1\ProgLb1_1\Debug\ProgLb1_1.exe" /INCREMENTAL /NOLOGO kernel32.lib user32.lib gdi32.lib winspool.lib comdlg32.lib advapi32.lib shell32.lib ole32.lib oleaut32.lib uuid.lib odbc32.lib odbccp32.lib /MANIFEST /ManifestFile:"Debug\ProgLb1_1.exe.intermediate.manifest" /MANIFESTUAC:"level='asInvoker' uiAccess='false'" /DEBUG /PDB:"C:\Users\31010\Desktop\ProgLabs\kurwoattanorepos1\ProgLb1_1\Debug\ProgLb1_1.pdb" /SUBSYSTEM:CONSOLE /TLBID:1 /DYNAMICBASE /NXCOMPAT /IMPLIB:"C:\Users\31010\Desktop\ProgLabs\kurwoattanorepos1\ProgLb1_1\Debug\ProgLb1_1.lib" /MACHINE:X86 Debug\ProgLb1_1.exe.embed.manifest.res
         Debug\ProgLb1_1.obj
       Manifest:
         C:\Program Files (x86)\Microsoft SDKs\Windows\v7.0A\bin\mt.exe /nologo /verbose /out:"Debug\ProgLb1_1.exe.embed.manifest" /manifest Debug\ProgLb1_1.exe.intermediate.manifest
         Для всех выходных данных обновления не требуется.
       LinkEmbedManifest:
         Для всех выходных данных обновления не требуется.
         ProgLb1_1.vcxproj -> C:\Users\31010\Desktop\ProgLabs\kurwoattanorepos1\ProgLb1_1\Debug\ProgLb1_1.exe
       FinalizeBuildStatus:
         Файл "Debug\ProgLb1_1.unsuccessfulbuild" удаляется.
         Обращение к "Debug\ProgLb1_1.lastbuildstate".
     1>Построение проекта "C:\Users\31010\Desktop\ProgLabs\kurwoattanorepos1\ProgLb1_1\ProgLb1_1\ProgLb1_1.vcxproj" завершено (целевые объекты build).

Построение успешно завершено.

Затраченное время: 00:00:01.83
