  Fraction.cpp
C:\Users\31010\source\repos\ProgLb2\ProgLb2_2\Fraction.h(42,14): warning C4244: return: преобразование "int" в "float", возможна потеря данных
C:\Users\31010\source\repos\ProgLb2\ProgLb2_2\Fraction.h(44,20): warning C4244: return: преобразование "int" в "float", возможна потеря данных
C:\Users\31010\source\repos\ProgLb2\ProgLb2_2\Fraction.h(50,20): warning C4244: return: преобразование "int" в "float", возможна потеря данных
C:\Users\31010\source\repos\ProgLb2\ProgLb2_2\Fraction.h(54,58): warning C4244: return: преобразование "double" в "float", возможна потеря данных
C:\Users\31010\source\repos\ProgLb2\ProgLb2_2\Fraction.h(56,20): warning C4244: return: преобразование "int" в "float", возможна потеря данных
C:\Users\31010\source\repos\ProgLb2\ProgLb2_2\Fraction.h(71,13): warning C4244: инициализация: преобразование "double" в "int", возможна потеря данных
C:\Users\31010\source\repos\ProgLb2\ProgLb2_2\Fraction.h(82,16): warning C4244: =: преобразование "double" в "int", возможна потеря данных
C:\Users\31010\source\repos\ProgLb2\ProgLb2_2\Fraction.h(86,11): warning C4244: инициализация: преобразование "double" в "long", возможна потеря данных
C:\Users\31010\source\repos\ProgLb2\ProgLb2_2\Fraction.h(87,33): warning C4244: =: преобразование "double" в "int", возможна потеря данных
C:\Users\31010\source\repos\ProgLb2\ProgLb2_2\Fraction.h(91,20): warning C4244: =: преобразование "double" в "int", возможна потеря данных
C:\Users\31010\source\repos\ProgLb2\ProgLb2_2\Fraction.h(102,39): warning C4244: =: преобразование "double" в "int", возможна потеря данных
C:\Users\31010\source\repos\ProgLb2\ProgLb2_2\Fraction.h(219,17): warning C4244: =: преобразование "double" в "int", возможна потеря данных
C:\Users\31010\source\repos\ProgLb2\ProgLb2_2\Fraction.h(223,11): warning C4244: инициализация: преобразование "double" в "long", возможна потеря данных
C:\Users\31010\source\repos\ProgLb2\ProgLb2_2\Fraction.h(224,22): warning C4244: =: преобразование "double" в "int", возможна потеря данных
C:\Users\31010\source\repos\ProgLb2\ProgLb2_2\Fraction.h(228,21): warning C4244: =: преобразование "double" в "int", возможна потеря данных
C:\Users\31010\source\repos\ProgLb2\ProgLb2_2\Fraction.h(239,40): warning C4244: =: преобразование "double" в "int", возможна потеря данных
  ProgLb2_2.cpp
C:\Users\31010\source\repos\ProgLb2\ProgLb2_2\Fraction.h(42,14): warning C4244: return: преобразование "int" в "float", возможна потеря данных
C:\Users\31010\source\repos\ProgLb2\ProgLb2_2\Fraction.h(44,20): warning C4244: return: преобразование "int" в "float", возможна потеря данных
C:\Users\31010\source\repos\ProgLb2\ProgLb2_2\Fraction.h(50,20): warning C4244: return: преобразование "int" в "float", возможна потеря данных
C:\Users\31010\source\repos\ProgLb2\ProgLb2_2\Fraction.h(54,58): warning C4244: return: преобразование "double" в "float", возможна потеря данных
C:\Users\31010\source\repos\ProgLb2\ProgLb2_2\Fraction.h(56,20): warning C4244: return: преобразование "int" в "float", возможна потеря данных
C:\Users\31010\source\repos\ProgLb2\ProgLb2_2\Fraction.h(71,13): warning C4244: инициализация: преобразование "double" в "int", возможна потеря данных
C:\Users\31010\source\repos\ProgLb2\ProgLb2_2\Fraction.h(82,16): warning C4244: =: преобразование "double" в "int", возможна потеря данных
C:\Users\31010\source\repos\ProgLb2\ProgLb2_2\Fraction.h(86,11): warning C4244: инициализация: преобразование "double" в "long", возможна потеря данных
C:\Users\31010\source\repos\ProgLb2\ProgLb2_2\Fraction.h(87,33): warning C4244: =: преобразование "double" в "int", возможна потеря данных
C:\Users\31010\source\repos\ProgLb2\ProgLb2_2\Fraction.h(91,20): warning C4244: =: преобразование "double" в "int", возможна потеря данных
C:\Users\31010\source\repos\ProgLb2\ProgLb2_2\Fraction.h(102,39): warning C4244: =: преобразование "double" в "int", возможна потеря данных
C:\Users\31010\source\repos\ProgLb2\ProgLb2_2\Fraction.h(219,17): warning C4244: =: преобразование "double" в "int", возможна потеря данных
C:\Users\31010\source\repos\ProgLb2\ProgLb2_2\Fraction.h(223,11): warning C4244: инициализация: преобразование "double" в "long", возможна потеря данных
C:\Users\31010\source\repos\ProgLb2\ProgLb2_2\Fraction.h(224,22): warning C4244: =: преобразование "double" в "int", возможна потеря данных
C:\Users\31010\source\repos\ProgLb2\ProgLb2_2\Fraction.h(228,21): warning C4244: =: преобразование "double" в "int", возможна потеря данных
C:\Users\31010\source\repos\ProgLb2\ProgLb2_2\Fraction.h(239,40): warning C4244: =: преобразование "double" в "int", возможна потеря данных
  Создание кода...
  ProgLb2_2.vcxproj -> C:\Users\31010\source\repos\ProgLb2\Debug\ProgLb2_2.exe
